steam
gamemode
#gamescope
#mangohud
spotify
spicetify-cli

#> ArcoLinux has these pre-installed:
# archlinux-tweak-tool
# pamac-all
# reflector-simple

caprine
megasync-bin
dolphin-megasync-bin
microsoft-edge-stable-bin
audacity
youtube-music-git
sofirem-git
unrar
zip
unzip
ark
curl
timeshift
btop
nvtop
partitionmanager
kalk
bitwarden
discord-screenaudio
freedownloadmanager
krita
gimp
responsively
telegram-desktop
vlc
ticktick
google-chrome
lf
ventoy-bin
tree
ffmpegthumbs
tldr
ttf-meslo-nerd
ttf-arimo-nerd
selectdefaultapplication-fork-git