steam
gamemode
#gamescope
#mangohud
spotify
spicetify-cli

mkinitcpio-firmware

archlinux-tweak-tool
pamac-all
reflector-simple

caprine
megasync-bin
dolphin-megasync-bin
microsoft-edge-stable-bin
audacity
youtube-music-git
sofirem-git
unrar
zip
unzip
ark
curl
wget
whois
woff2
timeshift
btop
nvtop
partitionmanager
kalk
bitwarden
discord-screenaudio
freedownloadmanager
krita
gimp
responsively
telegram-desktop
vlc
ticktick
google-chrome
ventoy-bin
lf
which
tree
ffmpegthumbs
tldr
ttf-meslo-nerd
ttf-arimo-nerd
terminus-font
selectdefaultapplication-fork-git
